******************************开始运行公众号爬虫******************************
正在获取第78页文章列表
成功写入文章：国际比较文学学会第22届大会成功召开| 刘洪一教授做大会主旨发言
成功写入文章：分享图片
******************************开始运行公众号爬虫******************************
正在获取第78页文章列表
成功写入文章：国际比较文学学会第22届大会成功召开| 刘洪一教授做大会主旨发言
成功写入文章：分享图片
成功写入文章：文明通鉴与普惠文明 | 刘洪一教授在国际比较文学学会执委会会议暨国际比较文学高峰论坛上作主旨发言
成功写入文章：9位学者主旨发言、8个议题54场平行论坛、6位国际顶级期刊主编圆桌会谈| 2019国际比较文学高峰论坛圆满举行！
成功写入文章：全国一等奖！深圳大学这个代表队在管理决策模拟大赛上表现出色！
成功写入文章：他为过万脊柱病人“撑腰”，我们为他疯狂打call
正在获取第79页文章列表
成功写入文章：15位欧美科学院院士、20位长江学者，370余位学者| 国际比较文学学会执委会会议暨国际比较文学高峰论坛在深圳召开
成功写入文章：厉害了！深大学子们又在一全国大赛上斩获多个奖项！
成功写入文章：80%省份生源质量较往年有提升，全国6908名学子圆梦荔园！
成功写入文章：著名学者香江论“界”：士尔著作亮相香港书展
成功写入文章：倒计时 | 国际比较文学学会执委会会议暨国际比较文学高峰论坛即将开幕！
正在获取第80页文章列表
成功写入文章：快来看看深大有哪些著述成果在深圳书展上亮相
成功写入文章：香港书展十二时辰之庚申午时：著名汉学家、学者、作家、媒体人共同聚焦的文明简史、叙事探险和心灵突围
成功写入文章：权威发布 | 深圳大学广东本科批稳居广东高校前四！
成功写入文章：什么？还没放假就通知暑假第一课！
成功写入文章：大数据揭秘深圳大学2019级硕士新生情况
正在获取第81页文章列表
成功写入文章：暑期留校指南全攻略.docx
成功写入文章：硬核！深大再次喜获国家重点研发计划重点专项！
成功写入文章：@深大“创客” | 创新创业的梦想，从深大开始
成功写入文章：离开深大的第二天，想他……
成功写入文章：来来来，让我们看看深大附属教育集团都有哪些学校？
正在获取第82页文章列表
成功写入文章：十五分之一的背后是百分百的实力！我校喜获国家重点研发项目！
成功写入文章：郭仁忠院士：虚拟世界里，为深圳再造一座“城”！
成功写入文章：全国乒乓文化巡展本周末空降深圳大学！
成功写入文章：粤海街道深圳大学向您发来一条信息
成功写入文章：深大新“网红标志”听说定了？选择权在你手上！
成功写入文章：快来看看深大的榜样都有谁！深圳大学庆祝建党98周年暨表彰大会召开！
成功写入文章：新华社转发，浏览量破百万！我校廉洁从业教育视频表现亮眼
成功写入文章：深圳大学总医院的一周年| 以担当续写发展新篇章
成功写入文章：“不忘初心，牢记使命”大型公益舞台演讲剧——《亲爱的红军》
正在获取第83页文章列表
成功写入文章：权威发布 | 在这里，我们与世界零距离，深圳大学国际交流项目
成功写入文章：2019深圳大学土木与交通工程学院宣传片《筑梦》首发！
成功写入文章：荔园记忆 | 深圳大学 2019 官方毕业宣传片出炉
成功写入文章：2019毕业典礼 | 今天，你们是荔园天空中最闪耀的群星
成功写入文章：荔园的使命 | 校长李清泉在深圳大学2019毕业典礼的致辞
成功写入文章：2019深大盒子(毕业版) | 来日方长 未来可期
成功写入文章：世界一流！全球前50！深大这些学科很硬核！
成功写入文章：权威发布 | 深圳大学2019年本科普高招生考生问答
正在获取第84页文章列表
成功写入文章：2019毕业典礼邀请 | 这一刻，我想与你一同见证
成功写入文章：“深圳好青年”决赛 | 深圳大学唯一候选人——全球高被引科学家、特聘教授张晗
成功写入文章：2019年深圳大学招生宣传片《梦想闯客》携“黑科技”震撼首发！
成功写入文章：我喜欢唱跳rap篮球，你呢？
成功写入文章：业精于勤 | 第十七周学术报告、讲座汇总
成功写入文章：“妈，我想上深大！”
成功写入文章：带上这份开放日指南，明天拒绝错过任何精彩！
正在获取第85页文章列表
成功写入文章：对不起！深大让你迷路了
成功写入文章：广东第3，全国并列第32 | 深圳大学首次进入QS世界大学排行榜
成功写入文章：“黑科技“宣传片长啥样？预告片抢鲜看！6月22日还有精彩的开放日等你来！
成功写入文章：深圳大学图书馆“书香伴韶年，奋斗致青春”毕业季活动开始啦！
成功写入文章：分享图片
正在获取第86页文章列表
成功写入文章：“深圳好青年”推选 | 赴藏支教，拥抱梦想的大学生志愿者——深大“校草”王国超
成功写入文章：业精于勤 | 第十六周学术报告、讲座汇总
成功写入文章：顶天 | 我校饶峰教授在《Science》发表材料学研究最新成果
成功写入文章：“深圳好青年”推选 | 全球高被引科学家——深圳大学特聘教授张晗
成功写入文章：听说，全深大最难吃的菜都在这里了!
成功写入文章：厉害！深大乒超俱乐部选手为中国队斩获金牌！
成功写入文章：校园开放日 | 你给我一天，我给你整个荔园
正在获取第87页文章列表
成功写入文章：权威发布 | 深圳大学历年分专业录取分数（省外）
成功写入文章：权威发布 | 深圳大学2019年普通本科招生计划出炉！
成功写入文章：征集 | 毕业骊歌又响起，这次我想听你说
成功写入文章：业精于勤 | 第十五周学术报告、讲座汇总
成功写入文章：分享图片
成功写入文章：我校4位教授入选“全球高被引科学家”！深大科研硬核实力的又一证明！
成功写入文章：打破学科壁垒有助于产出创新型成果 ——访“高被引科学家”、深圳大学张晗教授
正在获取第88页文章列表
成功写入文章：全世界都在关注你的成绩，我们只想关心你的身体！
成功写入文章：光明日报专访丨陈国良：“大数据”计算科学的领路人
成功写入文章：老物件征集 | 你担心弄丢的深大记忆，请让我们替你保管
成功写入文章：荔园名师 | 莫蓓莘：人生可以做规划，但有梦就要去追逐
成功写入文章：过完六一，今天也该是个知道努力的大人了
成功写入文章：科技创新实力在广东高校排第二，但我们更想在你心里排第一！
成功写入文章：业精于勤 | 第十四周学术报告、讲座汇总
正在获取第89页文章列表
成功写入文章：“流浪深大”？不存在的！本月校长午餐会还直面了这些问题
成功写入文章：这就是深大的“文艺青年”：能写唯美文字，也能跋山涉水
成功写入文章：广东第3，全国第53！我们一直在进步，只为迎接最优秀的你！
成功写入文章：校园文化景观建设意见征集 | 最初的荔园在老照片里，今后的荔园在你手里
成功写入文章：刚刚，我成为了第1位给高考学子加油的深大人！
成功写入文章："取政策上限"、"湾人湾税"、"教育自由行"？听李清泉校长谈大湾区高等教育融合发展，这些设想太创新！
正在获取第90页文章列表
成功写入文章：深大科研团队论文登上物理学顶级刊物！“钙钛矿”到底厉害在哪里？
成功写入文章：教育部艺术学理论类专业教学指导委员会2019年工作会议在深圳大学召开
成功写入文章：业精于勤 | 第十三周学术报告、讲座汇总
成功写入文章：深大有了新地标！他们对母校的情义像这份礼物一样重
成功写入文章：影响因子40+！深大这个科研团队在国际顶级期刊发表文章
成功写入文章：价值三千万的显微镜！校级公共技术服务中心还有多少“大招”？
正在获取第91页文章列表
成功写入文章：2019深圳大学第二届本科生学术论坛工作启动了！
成功写入文章：新华网专访 | 校党委书记刘洪一等专家畅谈粤港澳大湾区青年人才交流合作
成功写入文章：中国国际大学生时装周轮值主席、深圳大学艺术学部吴洪教授畅谈新型设计人才培养
成功写入文章：拯救期末的你！限时七天，深大专属PPT模板来啦！
成功写入文章：业精于勤 | 第十二周学术报告、讲座汇总
成功写入文章：广东省第十届大运会首金！深大乒乓球乙B女团以不败战绩夺冠
成功写入文章：校报特供！你不可错过的优秀校友分享会！
成功写入文章：王蒙、刘洪一、谷雪儿漫话阅读、创作与人生一一大咖的＂不欲同眠＂和＂欲共不眠＂
正在获取第92页文章列表
成功写入文章：遇见深大丨“荔园人文月”新媒体征文大赛火热报名中
成功写入文章：高端大气上档次的第十五届文博会深大文化创意园分会场来啦！
成功写入文章：虽然画风有点谜，但这是我们对妈妈的一片真心！
成功写入文章：喜讯 | 深大ESI国际排名提升近百名，工程学、计算机科学、材料科学稳居全球前0.5％！
成功写入文章：业精于勤 | 第十一周学术报告、讲座汇总
成功写入文章：帅炸了！深大特战方队亮相首届广东省学校国防教育成果交流展示活动！
正在获取第93页文章列表
成功写入文章：像“学习强国”这样的宝藏，深大还有这些！
成功写入文章：斩获“创青春”国赛首个金奖！带着“烯”望向光奔跑
成功写入文章：宝贝，加油
成功写入文章：最近，大家纷纷组团来这里……治打呼？
成功写入文章：@深大人 快来PICK你的公费海外交换项目吧！
成功写入文章：2019 深圳大学国际暑期课程项目
成功写入文章：业精于勤 | 第十周学术报告、讲座汇总
正在获取第94页文章列表
成功写入文章：五四青年 | 榜样！我校伍楷舜教授荣获“广东青年五四奖章”
成功写入文章：大三的CEO：有勇气、有担当，就没有什么阻挡创业的理由
成功写入文章：等我归来时 ，还是你们的“小超老师”
成功写入文章：等我归来时 ，还是你们的“小超老师”
成功写入文章：凝聚校友力量 携手未来发展 | 校党委书记刘洪一率队参观调研腾讯总部
成功写入文章：为了庆祝五一劳动节，我决定给手机换个深大壁纸！
正在获取第95页文章列表
成功写入文章：传承五四精神 唱响青春之歌 | 深圳大学举行纪念五四运动100周年师生座谈会
成功写入文章：深大人自制的十部电影，在这里“首映”了！
成功写入文章：未来每个系都会开设“荣誉课程”？校长午餐会还有这些信息！
成功写入文章：深大这个专业的毕设答辩竟然被全国63所高校的专家老师围观了？
成功写入文章：全国第八！中国博士后科学基金资助项目名单出炉，深大再获进步！
成功写入文章：同学，去年进了图书馆1741次的学霸是你吗？
正在获取第96页文章列表
成功写入文章：“三严十五大招”| 办研究生教育 我们是认真的
成功写入文章：英雄帖 | 深大开出具有全国竞争力的薪酬 招聘附属教育集团总校校长
成功写入文章：电催化水分解 | 开启清洁能源时代
成功写入文章：工作996，生病ICU？还不赶紧给你的身体来一次全面体检！
成功写入文章：业精于勤 | 第八周学术报告、讲座汇总
正在获取第97页文章列表
成功写入文章：业精于勤 | 第八周学术报告、讲座汇总
成功写入文章：明明可以靠颜值，他们却用歌声为深大争光
成功写入文章：国学在荔园 | 我们是一个年轻的班级，却探索着“最古老”的知识
成功写入文章：国际上首次发现的新光学斯格明子结构？涨知识了！
成功写入文章：深圳大学2019留学服务周重磅来袭
正在获取第98页文章列表
成功写入文章：自信深大｜寻找下一个深大“爆款”！
成功写入文章：建设中国的“贝尔实验室”！“深圳计算科学研究院”在深圳大学成立
成功写入文章：业精于勤 | 第七周学术报告、讲座汇总
成功写入文章：深大牵手全美最强设计学院，打造粤港澳大湾区创意设计中心
成功写入文章：全国44位，全球233位！最新自然指数排名出炉，深大表现依然亮眼！
正在获取第99页文章列表
成功写入文章：精读深大“黑话”第221天：深大暗号初阶教程
成功写入文章：荔园名师 | 张又丹：音乐相随 不忘初心
成功写入文章：用指尖轻触就能发光的智能材料？也太炫酷了吧！
成功写入文章：号外！深大人精心打造的红色舞台剧来了！
成功写入文章：踏青 | 我们仍未知道那天所看见的花的名字
正在获取第100页文章列表
成功写入文章：清明追思 | 深大不会忘记他——人民公仆陈泽锋
成功写入文章：校长这节思政课掌声不断的魅力原来是...
成功写入文章：2019年工作要点发布 | 中国共产党深圳大学第五届委员会第二次全体会议召开
成功写入文章：十三所特区高校齐聚深大，落实总书记讲话精神 协力推动思政课创新改革
成功写入文章：新宿舍预计下学期投入使用！校长午餐会还回答了哪些问题？
成功写入文章：堂前桃李报春晖！经济学院校友助力学院发展！
正在获取第101页文章列表
成功写入文章：我校荣登“互联网+校园”影响力排行榜
成功写入文章：荔园名师 | 费跃农 潜心研学 贵在有道
成功写入文章：号外！诺贝尔奖得主来深大建实验室啦
成功写入文章：喜讯 |《深圳大学学报（人文社科版）》入选新版（2019-2020）CSSCI来源期刊
成功写入文章：亚洲第三！深圳大学计算机图形学CSRankings最新排名了解一下！
正在获取第102页文章列表
成功写入文章：帅气！深大国旗护卫队、特战方阵强势来袭
成功写入文章：前排剧透，深大又要有新的“网红标志”啦？
成功写入文章：上完总书记的思政课，深大师生表示：太燃了！
成功写入文章：上完总书记的思政课，深大师生表示：太燃了！
成功写入文章：总书记上课啦！原来这才是思政课的正确打开方式！
成功写入文章：听完总书记的思政课，我校教师这样说！
正在获取第103页文章列表
成功写入文章：全球第三！中国第一！ | 2018年深圳大学PCT专利申请公开数量再创新高
成功写入文章：工程学、计算机科学、材料科学进入ESI全球排名前0.5%，深大入选ESI全球前1%的学科共有6个
成功写入文章：两会“泉”声丨为超级湾区打造一流高等教育一一李清泉校长在京接受采访纪实
成功写入文章：校党委书记思政“第一课” | 坚定文化自信 做有灵魂的新时代大学生
成功写入文章：两会时刻 | 李清泉校长：推动粤港澳高等教育协同创新发展
正在获取第104页文章列表
成功写入文章：树人·树友 | 深大这片树林的故事，你知道吗？
成功写入文章：全国第12位  | “互联网+校园影响力排行榜”最新出炉
成功写入文章：全国第12位  | “互联网+校园影响力排行榜”最新出炉
成功写入文章：SCI论文发表数全国高校排39位丨众多硬核成果闪耀问世
成功写入文章：SCI论文数全国高校排39位丨众多硬核成果闪耀问世
正在获取第105页文章列表
成功写入文章：SCI论文数全国高校排39位丨众多硬核成果闪耀问世
成功写入文章：今天，向深大“女神”表白！
成功写入文章：粉丝14万,总阅读量4000余万 | 深大官方抖音号等你来抖抖抖
成功写入文章：粉丝14万,总阅读量4000余万 | 深大官方抖音号等你来抖抖抖
成功写入文章：点击这里，喜提“女神节”的别样过法
正在获取第106页文章列表
成功写入文章：新学期工作会议有这些内容，你需要知道
成功写入文章：开学指南 | 滑动切换正确模式
成功写入文章：深大人都去哪儿？ | 深大寒假特色综艺频道
成功写入文章：脚踏实地 仰望星空 | 深大总医院召开2019年学科发展思路汇报会
成功写入文章：分享图片
正在获取第107页文章列表
成功写入文章：梦开始的地方丨深圳大学2019年特殊类招生简章全集
成功写入文章：情人节做我的TA | 深圳大学官方微信、官方抖音招新啦！
成功写入文章：喵喵喵喵喵喵喵喵喵喵喵喵喵 | 荔园猫咪图鉴
成功写入文章：专属月历 | 让深大陪你度过2019每一天
成功写入文章：骄傲！深大同学登上深圳春晚舞台，你pick到他们的身影了吗？
正在获取第108页文章列表
成功写入文章：拜年啦 | 看看深大学子如何用各地方言拜年
成功写入文章：除夕官宣 | 深大定制红包和五福，来了！
成功写入文章：暖心漫画 | 留校过春节的别样温暖
成功写入文章：青春 永不言弃 |深圳大学夺乒超联赛亚军，创历史最佳战绩！
成功写入文章：剑指冠军 | 深大3:2战胜齐鲁进入中国乒超决赛
正在获取第109页文章列表
成功写入文章：磨骨器、设计衣服、建模型、品茶、做策划？深大烧脑又有趣的作业盘点来了！
成功写入文章：建设有灵魂的大学迈出坚实步伐：2018深大文化创新发展纲要实施盘点
成功写入文章：全国第58名 | 2019软科中国最好大学排名正式发布！
成功写入文章：军训结营 | 为了胜利我们勇敢前进
成功写入文章：看完这期新兵采访，笑的人都是有猫腻的！
正在获取第110页文章列表
成功写入文章：军训有你 | 老师和教官喊你来集合啦~
成功写入文章：寒假指南 | 有了这篇推送，寒假留校不愁！
成功写入文章：寒假指南 | 有了这篇推送，寒假留校不愁！
成功写入文章：李清泉校长在深商大会演讲：深大最大的魅力不是办在深圳，而是长在深圳！
成功写入文章：深大完成最新一轮学院和学科优化调整：这些信息你需要知道
正在获取第111页文章列表
成功写入文章：数据说话 | 深圳大学2018年硕招工作记录
成功写入文章：你这军训日记皮的很！
成功写入文章：你这军训日记皮的很！
成功写入文章：你这军训日记皮的很！
成功写入文章：顶天 | 深大范滇元院士团队项元江课题组在《Science》发表光学研究最新成果
正在获取第112页文章列表
无法获取文章列表，可能遭遇反爬!
{'base_resp': {'err_msg': 'freq control', 'ret': 200013}}
NoneType: None
2020-09-11 12:34:01,902 - D:/myWorkspace/crawlers/wechat_gongzhong.py[line:253] - INFO: ******************************开始运行公众号爬虫******************************
2020-09-11 12:34:01,903 - D:/myWorkspace/crawlers/wechat_gongzhong.py[line:73] - INFO: 正在获取第112页文章列表
2020-09-11 12:34:02,224 - D:/myWorkspace/crawlers/wechat_gongzhong.py[line:104] - ERROR: 无法获取文章列表，可能遭遇反爬!
{'base_resp': {'err_msg': 'freq control', 'ret': 200013}}
NoneType: None
2020-09-11 12:44:13,057 - D:/myWorkspace/crawlers/wechat_gongzhong.py[line:253] - INFO: ******************************开始运行公众号爬虫******************************
2020-09-11 12:44:13,058 - D:/myWorkspace/crawlers/wechat_gongzhong.py[line:73] - INFO: 正在获取第112页文章列表
2020-09-11 12:44:13,377 - D:/myWorkspace/crawlers/wechat_gongzhong.py[line:104] - ERROR: 无法获取文章列表，可能遭遇反爬!
{'base_resp': {'err_msg': 'freq control', 'ret': 200013}}
NoneType: None
2020-09-11 12:59:18,232 - D:/myWorkspace/crawlers/wechat_gongzhong.py[line:255] - INFO: ******************************开始运行公众号爬虫******************************
2020-09-11 12:59:18,233 - D:/myWorkspace/crawlers/wechat_gongzhong.py[line:77] - INFO: 正在获取第112页文章列表
2020-09-11 12:59:18,494 - D:/myWorkspace/crawlers/wechat_gongzhong.py[line:108] - ERROR: 无法获取文章列表，可能遭遇反爬!
{'base_resp': {'err_msg': 'freq control', 'ret': 200013}}
NoneType: None
2020-09-11 14:50:13,837 - D:/myWorkspace/crawlers/wechat_gongzhong.py[line:255] - INFO: ******************************开始运行公众号爬虫******************************
2020-09-11 14:50:13,837 - D:/myWorkspace/crawlers/wechat_gongzhong.py[line:77] - INFO: 正在获取第112页文章列表
2020-09-11 14:50:14,181 - D:/myWorkspace/crawlers/wechat_gongzhong.py[line:108] - ERROR: 无法获取文章列表，可能遭遇反爬!
{'base_resp': {'err_msg': 'freq control', 'ret': 200013}}
NoneType: None
2020-09-11 14:57:31,963 - D:/myWorkspace/crawlers/wechat_gongzhong.py[line:256] - INFO: ******************************开始运行公众号爬虫******************************
2020-09-11 14:57:31,964 - D:/myWorkspace/crawlers/wechat_gongzhong.py[line:78] - INFO: 正在获取第112页文章列表
2020-09-11 14:57:32,355 - D:/myWorkspace/crawlers/wechat_gongzhong.py[line:109] - ERROR: 无法获取文章列表，可能遭遇反爬!
{'base_resp': {'err_msg': 'freq control', 'ret': 200013}}
NoneType: None
2020-09-11 16:44:07,363 - D:/myWorkspace/crawlers/wechat_gongzhong.py[line:265] - INFO: ******************************开始运行公众号爬虫******************************
2020-09-11 16:44:07,364 - D:/myWorkspace/crawlers/wechat_gongzhong.py[line:81] - INFO: 正在获取第112页文章列表
2020-09-11 16:44:07,792 - D:/myWorkspace/crawlers/wechat_gongzhong.py[line:112] - ERROR: 无法获取文章列表，可能遭遇反爬!
{'base_resp': {'ret': 200003, 'err_msg': 'invalid session'}}
NoneType: None
2020-09-11 16:46:05,978 - D:/myWorkspace/crawlers/wechat_gongzhong.py[line:265] - INFO: ******************************开始运行公众号爬虫******************************
2020-09-11 16:46:05,978 - D:/myWorkspace/crawlers/wechat_gongzhong.py[line:81] - INFO: 正在获取第112页文章列表
2020-09-11 16:46:06,289 - D:/myWorkspace/crawlers/wechat_gongzhong.py[line:112] - ERROR: 无法获取文章列表，可能遭遇反爬!
{'base_resp': {'err_msg': 'freq control', 'ret': 200013}}
NoneType: None
2020-09-13 01:09:33,868 - D:/myWorkspace/crawlers/wechat_gongzhong.py[line:264] - INFO: ******************************开始运行公众号爬虫******************************
2020-09-13 01:09:33,871 - D:/myWorkspace/crawlers/wechat_gongzhong.py[line:77] - INFO: 正在获取第112页文章列表
2020-09-13 01:09:37,220 - D:/myWorkspace/crawlers/wechat_gongzhong.py[line:243] - INFO: 成功写入文章：你这军训日记皮的很！
2020-09-13 01:09:46,185 - D:/myWorkspace/crawlers/wechat_gongzhong.py[line:243] - INFO: 成功写入文章：顶天 | 深大范滇元院士团队项元江课题组在《Science》发表光学研究最新成果
2020-09-13 01:09:53,993 - D:/myWorkspace/crawlers/wechat_gongzhong.py[line:243] - INFO: 成功写入文章：军训开营 | 穿上军装的你们真好看！
2020-09-13 01:10:04,630 - D:/myWorkspace/crawlers/wechat_gongzhong.py[line:243] - INFO: 成功写入文章：街拍 | 深大人的冬日穿搭指南
2020-09-13 01:10:14,707 - D:/myWorkspace/crawlers/wechat_gongzhong.py[line:243] - INFO: 成功写入文章：我校师生热议习近平总书记对深圳工作重要批示
2020-09-13 01:10:27,419 - D:/myWorkspace/crawlers/wechat_gongzhong.py[line:77] - INFO: 正在获取第113页文章列表
2020-09-13 01:10:30,765 - D:/myWorkspace/crawlers/wechat_gongzhong.py[line:243] - INFO: 成功写入文章：3人上榜 | 广东高等学校教学名师奖（本科）出炉
2020-09-13 01:10:41,518 - D:/myWorkspace/crawlers/wechat_gongzhong.py[line:243] - INFO: 成功写入文章：喜讯！我校荣获1项国家科技进步奖，5项深圳市科学技术奖
2020-09-13 01:10:53,226 - D:/myWorkspace/crawlers/wechat_gongzhong.py[line:243] - INFO: 成功写入文章：深圳大学微信校园卡开放公测领卡啦！
2020-09-13 01:11:05,398 - D:/myWorkspace/crawlers/wechat_gongzhong.py[line:243] - INFO: 成功写入文章：《中国发展观察》| 中国高等教育改革样本——深圳大学
2020-09-13 01:11:14,555 - D:/myWorkspace/crawlers/wechat_gongzhong.py[line:243] - INFO: 成功写入文章：来来来，让我们了解一下今年的荔园卓越之星
2020-09-13 01:11:25,688 - D:/myWorkspace/crawlers/wechat_gongzhong.py[line:77] - INFO: 正在获取第114页文章列表
2020-09-13 01:11:28,416 - D:/myWorkspace/crawlers/wechat_gongzhong.py[line:243] - INFO: 成功写入文章：国内44位，全球677位 | 深大在世界大学综合排名榜上进步飞速
2020-09-13 01:11:36,737 - D:/myWorkspace/crawlers/wechat_gongzhong.py[line:243] - INFO: 成功写入文章：国家教学成果奖之：全国地方高校优课联盟在线开放课程建设与应用
2020-09-13 01:11:47,997 - D:/myWorkspace/crawlers/wechat_gongzhong.py[line:243] - INFO: 成功写入文章：国家教学成果奖之：基于供给侧理念的工程硕士三元协同培养模式构建与实践
2020-09-13 01:11:57,000 - D:/myWorkspace/crawlers/wechat_gongzhong.py[line:243] - INFO: 成功写入文章：国家教学成果奖之：地方优秀文化融入国家课程校本转化研究
2020-09-13 01:12:06,804 - D:/myWorkspace/crawlers/wechat_gongzhong.py[line:243] - INFO: 成功写入文章：突破 | 深圳大学喜获3项国家级教学成果奖
2020-09-13 01:12:17,241 - D:/myWorkspace/crawlers/wechat_gongzhong.py[line:243] - INFO: 成功写入文章：分享图片
2020-09-13 01:12:27,580 - D:/myWorkspace/crawlers/wechat_gongzhong.py[line:243] - INFO: 成功写入文章：“官宣”！2019来啦！
2020-09-13 01:12:40,920 - D:/myWorkspace/crawlers/wechat_gongzhong.py[line:77] - INFO: 正在获取第115页文章列表
2020-09-13 01:12:44,080 - D:/myWorkspace/crawlers/wechat_gongzhong.py[line:243] - INFO: 成功写入文章：深圳大学2019新年贺词 | 因为奋斗，所以峥嵘
2020-09-13 01:12:56,321 - D:/myWorkspace/crawlers/wechat_gongzhong.py[line:243] - INFO: 成功写入文章：深圳大学总医院开业半年 精心打造人民满意的高水平特区医院
2020-09-13 01:13:06,138 - D:/myWorkspace/crawlers/wechat_gongzhong.py[line:243] - INFO: 成功写入文章：听说了吗？这个地方的义诊不得了，大半个医院的主任、教授都来了！
2020-09-13 01:13:16,465 - D:/myWorkspace/crawlers/wechat_gongzhong.py[line:243] - INFO: 成功写入文章：荔园新声，如歌绽放 | 深大2019新年音乐会为你带来一场视听盛宴
2020-09-13 01:13:26,859 - D:/myWorkspace/crawlers/wechat_gongzhong.py[line:243] - INFO: 成功写入文章：你心仪的老师上榜了吗？第五届深圳大学校长教学奖名单出炉了
2020-09-13 01:20:15,211 - D:/myWorkspace/crawlers/wechat_gongzhong.py[line:268] - INFO: ******************************开始运行公众号爬虫******************************
2020-09-13 01:20:15,211 - D:/myWorkspace/crawlers/wechat_gongzhong.py[line:77] - INFO: 正在获取第115页文章列表
2020-09-13 01:20:19,130 - D:/myWorkspace/crawlers/wechat_gongzhong.py[line:245] - INFO: 文章“深圳大学2019新年贺词 | 因为奋斗，所以峥嵘”已存在数据库中！
2020-09-13 01:20:30,074 - D:/myWorkspace/crawlers/wechat_gongzhong.py[line:245] - INFO: 文章“深圳大学总医院开业半年 精心打造人民满意的高水平特区医院”已存在数据库中！
2020-09-13 01:20:38,930 - D:/myWorkspace/crawlers/wechat_gongzhong.py[line:245] - INFO: 文章“听说了吗？这个地方的义诊不得了，大半个医院的主任、教授都来了！”已存在数据库中！
2020-09-13 01:20:50,505 - D:/myWorkspace/crawlers/wechat_gongzhong.py[line:245] - INFO: 文章“荔园新声，如歌绽放 | 深大2019新年音乐会为你带来一场视听盛宴”已存在数据库中！
2020-09-13 01:21:01,792 - D:/myWorkspace/crawlers/wechat_gongzhong.py[line:245] - INFO: 文章“你心仪的老师上榜了吗？第五届深圳大学校长教学奖名单出炉了”已存在数据库中！
2020-09-13 01:21:10,799 - D:/myWorkspace/crawlers/wechat_gongzhong.py[line:243] - INFO: 成功写入文章：好消息！深圳大学附属教育集团成立了
2020-09-13 01:21:23,969 - D:/myWorkspace/crawlers/wechat_gongzhong.py[line:77] - INFO: 正在获取第116页文章列表
2020-09-13 01:22:05,628 - D:/myWorkspace/crawlers/wechat_gongzhong.py[line:268] - INFO: ******************************开始运行公众号爬虫******************************
2020-09-13 01:22:05,628 - D:/myWorkspace/crawlers/wechat_gongzhong.py[line:77] - INFO: 正在获取第116页文章列表
2020-09-13 01:22:09,479 - D:/myWorkspace/crawlers/wechat_gongzhong.py[line:243] - INFO: 成功写入文章：深圳大学2019年新年音乐会蓄势待发
2020-09-13 01:22:21,785 - D:/myWorkspace/crawlers/wechat_gongzhong.py[line:243] - INFO: 成功写入文章：第五届深圳大学校长教学奖宣传片正式发布
2020-09-13 01:22:29,813 - D:/myWorkspace/crawlers/wechat_gongzhong.py[line:243] - INFO: 成功写入文章：纪念改革开放40周年 | 听校党委书记刘洪一和校长李清泉叙说改革开放卷轴中的深大篇章
2020-09-13 01:22:35,146 - D:/myWorkspace/crawlers/wechat_gongzhong.py[line:268] - INFO: ******************************开始运行公众号爬虫******************************
2020-09-13 01:22:35,146 - D:/myWorkspace/crawlers/wechat_gongzhong.py[line:77] - INFO: 正在获取第116页文章列表
2020-09-13 01:22:38,914 - D:/myWorkspace/crawlers/wechat_gongzhong.py[line:245] - WARNING: 文章“深圳大学2019年新年音乐会蓄势待发*****”已存在数据库中！
2020-09-13 01:22:47,962 - D:/myWorkspace/crawlers/wechat_gongzhong.py[line:245] - WARNING: 文章“第五届深圳大学校长教学奖宣传片正式发布*****”已存在数据库中！
2020-09-13 01:23:21,503 - D:/myWorkspace/crawlers/wechat_gongzhong.py[line:268] - INFO: ******************************开始运行公众号爬虫******************************
2020-09-13 01:23:21,504 - D:/myWorkspace/crawlers/wechat_gongzhong.py[line:77] - INFO: 正在获取第116页文章列表
2020-09-13 01:24:28,886 - D:/myWorkspace/crawlers/wechat_gongzhong.py[line:268] - INFO: ******************************开始运行公众号爬虫******************************
2020-09-13 01:24:28,886 - D:/myWorkspace/crawlers/wechat_gongzhong.py[line:77] - INFO: 正在获取第116页文章列表
2020-09-13 01:24:47,996 - D:/myWorkspace/crawlers/wechat_gongzhong.py[line:245] - WARNING: 文章*****“深圳大学2019年新年音乐会蓄势待发”*****已存在数据库中！
2020-09-13 01:24:57,918 - D:/myWorkspace/crawlers/wechat_gongzhong.py[line:245] - WARNING: 文章*****“第五届深圳大学校长教学奖宣传片正式发布”*****已存在数据库中！
2020-09-13 01:25:09,472 - D:/myWorkspace/crawlers/wechat_gongzhong.py[line:245] - WARNING: 文章*****“纪念改革开放40周年 | 听校党委书记刘洪一和校长李清泉叙说改革开放卷轴中的深大篇章”*****已存在数据库中！
2020-09-13 01:25:18,230 - D:/myWorkspace/crawlers/wechat_gongzhong.py[line:243] - INFO: 成功写入文章：陪你度过漫长岁月 | 冬至，送你一封四季情书！
2020-09-13 01:25:28,428 - D:/myWorkspace/crawlers/wechat_gongzhong.py[line:243] - INFO: 成功写入文章：《中国社会科学报》| 深圳大学：为构建人类命运共同体铸造文化桥梁
2020-09-13 01:25:40,922 - D:/myWorkspace/crawlers/wechat_gongzhong.py[line:243] - INFO: 成功写入文章：深圳大学校友会举办校友企业招聘会
2020-09-13 01:25:51,816 - D:/myWorkspace/crawlers/wechat_gongzhong.py[line:243] - INFO: 成功写入文章：谁是最可爱的老师 | 第五届校长教学奖评审会暨颁奖典礼即将举行！
2020-09-13 01:26:01,619 - D:/myWorkspace/crawlers/wechat_gongzhong.py[line:243] - INFO: 成功写入文章：快来一睹深大本科学术新星的风采
2020-09-13 01:26:15,776 - D:/myWorkspace/crawlers/wechat_gongzhong.py[line:77] - INFO: 正在获取第117页文章列表
2020-09-13 01:26:18,936 - D:/myWorkspace/crawlers/wechat_gongzhong.py[line:243] - INFO: 成功写入文章：深大师生热议庆祝改革开放40周年大会
2020-09-13 01:26:31,431 - D:/myWorkspace/crawlers/wechat_gongzhong.py[line:243] - INFO: 成功写入文章：我校师生集中收看庆祝改革开放40周年大会
2020-09-13 01:26:43,523 - D:/myWorkspace/crawlers/wechat_gongzhong.py[line:243] - INFO: 成功写入文章：习近平：在庆祝改革开放40周年大会上的讲话
2020-09-13 01:26:51,849 - D:/myWorkspace/crawlers/wechat_gongzhong.py[line:243] - INFO: 成功写入文章：深大位列全国第39 ！2018年最新高校自然指数出炉
2020-09-13 01:27:02,299 - D:/myWorkspace/crawlers/wechat_gongzhong.py[line:243] - INFO: 成功写入文章：我校与中国社科院“马克思主义理论骨干人才计划”合作培养博士研究生2019招生简讯
2020-09-13 01:27:10,401 - D:/myWorkspace/crawlers/wechat_gongzhong.py[line:243] - INFO: 成功写入文章：公益活动 | 华为“枪林弹雨中成长”全国巡回公益讲座
2020-09-13 01:27:21,366 - D:/myWorkspace/crawlers/wechat_gongzhong.py[line:77] - INFO: 正在获取第118页文章列表
2020-09-13 01:27:25,483 - D:/myWorkspace/crawlers/wechat_gongzhong.py[line:243] - INFO: 成功写入文章：深圳大学消防安全宣传片强势来袭！
2020-09-13 01:27:33,272 - D:/myWorkspace/crawlers/wechat_gongzhong.py[line:243] - INFO: 成功写入文章：深大今日校园上线，助力你的校园生活！
2020-09-13 01:27:43,146 - D:/myWorkspace/crawlers/wechat_gongzhong.py[line:243] - INFO: 成功写入文章：投出神圣一票 | 我的大学 我的校歌 我的主张
2020-09-13 01:27:52,663 - D:/myWorkspace/crawlers/wechat_gongzhong.py[line:243] - INFO: 成功写入文章：新宿舍大楼将投入使用！校长午餐会还有这些信息！
2020-09-13 01:28:03,431 - D:/myWorkspace/crawlers/wechat_gongzhong.py[line:243] - INFO: 成功写入文章：校运会 | 火热青春，无惧寒风
2020-09-13 01:28:16,488 - D:/myWorkspace/crawlers/wechat_gongzhong.py[line:243] - INFO: 成功写入文章：Color Run @ SZU | 确认过眼神，你是彩色的深大er！
2020-09-13 01:28:25,717 - D:/myWorkspace/crawlers/wechat_gongzhong.py[line:243] - INFO: 成功写入文章：首届“21世纪海上丝绸之路”体育文化发展学术论坛在深圳大学举办
2020-09-13 01:28:36,041 - D:/myWorkspace/crawlers/wechat_gongzhong.py[line:77] - INFO: 正在获取第119页文章列表
2020-09-13 01:28:39,315 - D:/myWorkspace/crawlers/wechat_gongzhong.py[line:243] - INFO: 成功写入文章：来现场一睹本科学术新星的风采吧！深圳大学首届本科生学术论坛诚邀您参与
2020-09-13 02:00:48,397 - D:/myWorkspace/crawlers/wechat_gongzhong.py[line:271] - INFO: ******************************开始运行公众号爬虫******************************
2020-09-13 02:00:48,397 - D:/myWorkspace/crawlers/wechat_gongzhong.py[line:77] - INFO: 正在获取第119页文章列表
2020-09-13 02:00:51,693 - D:/myWorkspace/crawlers/wechat_gongzhong.py[line:248] - WARNING: 文章*****“来现场一睹本科学术新星的风采吧！深圳大学首届本科生学术论坛诚邀您参与”*****已存在数据库中！
2020-09-13 02:07:33,702 - D:/myWorkspace/crawlers/wechat_gongzhong.py[line:271] - INFO: ******************************开始运行公众号爬虫******************************
2020-09-13 02:07:33,702 - D:/myWorkspace/crawlers/wechat_gongzhong.py[line:77] - INFO: 正在获取第119页文章列表
2020-09-13 02:07:36,196 - D:/myWorkspace/crawlers/wechat_gongzhong.py[line:248] - WARNING: 文章*****“来现场一睹本科学术新星的风采吧！深圳大学首届本科生学术论坛诚邀您参与”*****已存在数据库中！
2020-09-13 02:07:45,988 - D:/myWorkspace/crawlers/wechat_gongzhong.py[line:246] - INFO: 成功写入文章：粤剧进校园丨深大校园传来悠扬的唱腔？那是
2020-09-13 02:07:58,654 - D:/myWorkspace/crawlers/wechat_gongzhong.py[line:246] - INFO: 成功写入文章：一场“网络空间大战”在深大打响
2020-09-13 02:08:10,681 - D:/myWorkspace/crawlers/wechat_gongzhong.py[line:246] - INFO: 成功写入文章：社团评优 | 深大“十佳学生社团”评选等你来！
2020-09-13 02:08:19,741 - D:/myWorkspace/crawlers/wechat_gongzhong.py[line:246] - INFO: 成功写入文章：深大讲坛 | 王蒙畅谈“文化传统与文化建设”
2020-09-13 02:08:31,411 - D:/myWorkspace/crawlers/wechat_gongzhong.py[line:246] - INFO: 成功写入文章：王蒙的意义——刘洪一在“深大讲坛”王蒙先生报告会上的致辞
2020-09-13 02:08:43,351 - D:/myWorkspace/crawlers/wechat_gongzhong.py[line:246] - INFO: 成功写入文章：@#I$^&LO%!#V*@E…SZU*&%￥&@1983%#!
2020-09-13 02:08:53,630 - D:/myWorkspace/crawlers/wechat_gongzhong.py[line:77] - INFO: 正在获取第120页文章列表
2020-09-13 02:08:57,416 - D:/myWorkspace/crawlers/wechat_gongzhong.py[line:246] - INFO: 成功写入文章：三十五载书香梦，砥砺奋进荔园行 ——深圳大学图书馆“2018深圳读书月”活动
2020-09-13 02:09:08,119 - D:/myWorkspace/crawlers/wechat_gongzhong.py[line:246] - INFO: 成功写入文章：《两界书》的一千个面相
2020-09-13 02:09:19,311 - D:/myWorkspace/crawlers/wechat_gongzhong.py[line:246] - INFO: 成功写入文章：携笔从戎 赴青春之旅
2020-09-13 02:09:29,211 - D:/myWorkspace/crawlers/wechat_gongzhong.py[line:246] - INFO: 成功写入文章：第九届中国国际新媒体短片节高校日深圳场全方位解析！
2020-09-13 02:09:39,694 - D:/myWorkspace/crawlers/wechat_gongzhong.py[line:246] - INFO: 成功写入文章：“新时代文艺理论的创新”学术研讨会 暨中国中外文艺理论学会第十五届年会在深圳大学成功举办
2020-09-13 02:09:48,439 - D:/myWorkspace/crawlers/wechat_gongzhong.py[line:246] - INFO: 成功写入文章：1128赛果丨陈梦独得2分，助力深大3:1胜强敌鲁能！
2020-09-13 02:10:00,122 - D:/myWorkspace/crawlers/wechat_gongzhong.py[line:246] - INFO: 成功写入文章：全国高校并列第25位丨深大4位专家入选2018全球高被引科学家榜单！
2020-09-13 02:10:09,360 - D:/myWorkspace/crawlers/wechat_gongzhong.py[line:246] - INFO: 成功写入文章：党中央拟表彰100名改革开放杰出贡献个人，2名深大人入选
2020-09-13 02:10:19,152 - D:/myWorkspace/crawlers/wechat_gongzhong.py[line:246] - INFO: 成功写入文章：第十七届全国软件与应用学术会议(NASAC 2018)在深大开幕
2020-09-13 02:10:29,234 - D:/myWorkspace/crawlers/wechat_gongzhong.py[line:77] - INFO: 正在获取第121页文章列表
2020-09-13 02:10:32,243 - D:/myWorkspace/crawlers/wechat_gongzhong.py[line:246] - INFO: 成功写入文章：十大杰出新香港青年提名 | 为陈晓锋校友点赞投票吧！
2020-09-13 02:10:42,621 - D:/myWorkspace/crawlers/wechat_gongzhong.py[line:246] - INFO: 成功写入文章：1124赛果|深圳大学3：0胜安心百分百，豪取主场四连胜！
